SF:lib/models/cruise_ship/cruise_ship.dart
DA:7,8
DA:15,1
DA:16,1
DA:18,0
DA:20,4
DA:21,4
DA:23,4
DA:27,0
DA:29,0
DA:35,9
DA:45,1
DA:46,1
DA:48,0
DA:50,4
DA:58,0
DA:60,0
LF:16
LH:10
end_of_record
SF:lib/models/cruise_ship/cruise_ship.g.dart
DA:9,2
DA:10,1
DA:11,2
DA:14,0
DA:15,0
DA:16,0
DA:17,0
DA:20,2
DA:21,1
DA:22,1
DA:23,1
DA:26,0
DA:27,0
DA:28,0
DA:29,0
LF:15
LH:7
end_of_record
SF:lib/application/cruise_ship/cruise_ship_state.dart
DA:3,4
DA:6,3
DA:15,2
DA:16,2
DA:18,2
DA:23,1
DA:28,1
DA:29,0
DA:30,0
DA:31,0
DA:35,0
DA:37,0
LF:12
LH:7
end_of_record
SF:lib/services/cruise_ship_services/cruise_ship_services.dart
DA:6,4
DA:7,2
DA:8,1
DA:12,2
DA:17,1
DA:19,1
DA:20,3
DA:21,2
DA:22,1
DA:23,1
LF:10
LH:10
end_of_record
SF:lib/application/cruise_ship/cruise_ship_notifier.dart
DA:5,4
DA:6,3
DA:7,2
DA:8,1
DA:12,2
DA:15,3
DA:19,0
DA:20,0
DA:23,0
DA:25,0
DA:27,0
DA:28,0
DA:33,0
DA:35,0
LF:14
LH:6
end_of_record
SF:lib/services/dio/dio_client.dart
DA:4,4
DA:5,1
DA:6,1
DA:7,2
DA:12,0
DA:14,0
DA:16,0
DA:17,0
DA:19,0
DA:22,0
DA:24,0
DA:25,0
DA:26,0
DA:30,0
DA:32,0
DA:37,0
DA:40,0
DA:41,0
DA:42,0
DA:43,0
DA:44,0
LF:21
LH:4
end_of_record
SF:lib/presentation/cruise_ship_info/cruise_ship_info.dart
DA:8,3
DA:10,0
DA:12,2
DA:14,4
DA:15,2
DA:16,2
DA:17,2
DA:21,6
DA:24,1
DA:27,1
DA:28,1
DA:29,1
DA:33,1
DA:34,1
DA:35,1
DA:36,3
DA:38,4
DA:39,4
DA:40,4
DA:44,1
DA:45,1
DA:46,1
LF:22
LH:21
end_of_record
SF:lib/presentation/home_screen.dart
DA:8,1
DA:10,1
DA:12,1
DA:15,1
DA:16,1
DA:18,1
DA:20,1
DA:23,1
DA:24,1
DA:26,0
DA:28,0
DA:29,0
DA:32,1
DA:34,0
DA:36,0
DA:37,0
DA:40,1
DA:42,0
DA:44,0
DA:45,0
LF:20
LH:11
end_of_record
